This is pdfTeX, Version 3.14159265-2.6-1.40.15 (TeX Live 2014) (preloaded format=pdflatex 2015.4.18)  29 APR 2015 22:33
entering extended mode
 restricted \write18 enabled.
 %&-line parsing enabled.
**docs.tex
(./docs.tex
LaTeX2e <2014/05/01>
Babel <3.9l> and hyphenation patterns for 79 languages loaded.
(/usr/local/texlive/2014/texmf-dist/tex/latex/base/report.cls
Document Class: report 2014/09/29 v1.4h Standard LaTeX document class
(/usr/local/texlive/2014/texmf-dist/tex/latex/base/size11.clo
File: size11.clo 2014/09/29 v1.4h Standard LaTeX file (size option)
)
\c@part=\count79
\c@chapter=\count80
\c@section=\count81
\c@subsection=\count82
\c@subsubsection=\count83
\c@paragraph=\count84
\c@subparagraph=\count85
\c@figure=\count86
\c@table=\count87
\abovecaptionskip=\skip41
\belowcaptionskip=\skip42
\bibindent=\dimen102
)
(/usr/local/texlive/2014/texmf-dist/tex/latex/graphics/color.sty
Package: color 2014/10/28 v1.1a Standard LaTeX Color (DPC)

(/usr/local/texlive/2014/texmf-dist/tex/latex/latexconfig/color.cfg
File: color.cfg 2007/01/18 v1.5 color configuration of teTeX/TeXLive
)
Package color Info: Driver file: pdftex.def on input line 137.

(/usr/local/texlive/2014/texmf-dist/tex/latex/pdftex-def/pdftex.def
File: pdftex.def 2011/05/27 v0.06d Graphics/color for pdfTeX

(/usr/local/texlive/2014/texmf-dist/tex/generic/oberdiek/infwarerr.sty
Package: infwarerr 2010/04/08 v1.3 Providing info/warning/error messages (HO)
)
(/usr/local/texlive/2014/texmf-dist/tex/generic/oberdiek/ltxcmds.sty
Package: ltxcmds 2011/11/09 v1.22 LaTeX kernel commands for general use (HO)
)
\Gread@gobject=\count88
))
(/usr/local/texlive/2014/texmf-dist/tex/latex/base/ifthen.sty
Package: ifthen 2014/09/29 v1.1c Standard LaTeX ifthen package (DPC)
)
(/usr/local/texlive/2014/texmf-dist/tex/latex/base/makeidx.sty
Package: makeidx 2014/09/29 v1.0m Standard LaTeX package
)
(/usr/local/texlive/2014/texmf-dist/tex/generic/oberdiek/ifpdf.sty
Package: ifpdf 2011/01/30 v2.3 Provides the ifpdf switch (HO)
Package ifpdf Info: pdfTeX in PDF mode is detected.
)
(/usr/local/texlive/2014/texmf-dist/tex/latex/preprint/fullpage.sty
Package: fullpage 1999/02/23 1.1 (PWD)
\FP@margin=\skip43
)
(/usr/local/texlive/2014/texmf-dist/tex/latex/listings/listings.sty
(/usr/local/texlive/2014/texmf-dist/tex/latex/graphics/keyval.sty
Package: keyval 2014/10/28 v1.15 key=value parser (DPC)
\KV@toks@=\toks14
)
\lst@mode=\count89
\lst@gtempboxa=\box26
\lst@token=\toks15
\lst@length=\count90
\lst@currlwidth=\dimen103
\lst@column=\count91
\lst@pos=\count92
\lst@lostspace=\dimen104
\lst@width=\dimen105
\lst@newlines=\count93
\lst@lineno=\count94
\lst@maxwidth=\dimen106

(/usr/local/texlive/2014/texmf-dist/tex/latex/listings/lstmisc.sty
File: lstmisc.sty 2014/09/06 1.5e (Carsten Heinz)
\c@lstnumber=\count95
\lst@skipnumbers=\count96
\lst@framebox=\box27
)
(/usr/local/texlive/2014/texmf-dist/tex/latex/listings/listings.cfg
File: listings.cfg 2014/09/06 1.5e listings configuration
))
Package: listings 2014/09/06 1.5e (Carsten Heinz)

(/usr/local/texlive/2014/texmf-dist/tex/latex/listings/lstlang1.sty
File: lstlang1.sty 2014/09/06 1.5e listings language file
)
(/usr/local/texlive/2014/texmf-dist/tex/latex/hyperref/hyperref.sty
Package: hyperref 2012/11/06 v6.83m Hypertext links for LaTeX

(/usr/local/texlive/2014/texmf-dist/tex/generic/oberdiek/hobsub-hyperref.sty
Package: hobsub-hyperref 2012/05/28 v1.13 Bundle oberdiek, subset hyperref (HO)


(/usr/local/texlive/2014/texmf-dist/tex/generic/oberdiek/hobsub-generic.sty
Package: hobsub-generic 2012/05/28 v1.13 Bundle oberdiek, subset generic (HO)
Package: hobsub 2012/05/28 v1.13 Construct package bundles (HO)
Package hobsub Info: Skipping package `infwarerr' (already loaded).
Package hobsub Info: Skipping package `ltxcmds' (already loaded).
Package: ifluatex 2010/03/01 v1.3 Provides the ifluatex switch (HO)
Package ifluatex Info: LuaTeX not detected.
Package: ifvtex 2010/03/01 v1.5 Detect VTeX and its facilities (HO)
Package ifvtex Info: VTeX not detected.
Package: intcalc 2007/09/27 v1.1 Expandable calculations with integers (HO)
Package hobsub Info: Skipping package `ifpdf' (already loaded).
Package: etexcmds 2011/02/16 v1.5 Avoid name clashes with e-TeX commands (HO)
Package etexcmds Info: Could not find \expanded.
(etexcmds)             That can mean that you are not using pdfTeX 1.50 or
(etexcmds)             that some package has redefined \expanded.
(etexcmds)             In the latter case, load this package earlier.
Package: kvsetkeys 2012/04/25 v1.16 Key value parser (HO)
Package: kvdefinekeys 2011/04/07 v1.3 Define keys (HO)
Package: pdftexcmds 2011/11/29 v0.20 Utility functions of pdfTeX for LuaTeX (HO
)
Package pdftexcmds Info: LuaTeX not detected.
Package pdftexcmds Info: \pdf@primitive is available.
Package pdftexcmds Info: \pdf@ifprimitive is available.
Package pdftexcmds Info: \pdfdraftmode found.
Package: pdfescape 2011/11/25 v1.13 Implements pdfTeX's escape features (HO)
Package: bigintcalc 2012/04/08 v1.3 Expandable calculations on big integers (HO
)
Package: bitset 2011/01/30 v1.1 Handle bit-vector datatype (HO)
Package: uniquecounter 2011/01/30 v1.2 Provide unlimited unique counter (HO)
)
Package hobsub Info: Skipping package `hobsub' (already loaded).
Package: letltxmacro 2010/09/02 v1.4 Let assignment for LaTeX macros (HO)
Package: hopatch 2012/05/28 v1.2 Wrapper for package hooks (HO)
Package: xcolor-patch 2011/01/30 xcolor patch
Package: atveryend 2011/06/30 v1.8 Hooks at the very end of document (HO)
Package atveryend Info: \enddocument detected (standard20110627).
Package: atbegshi 2011/10/05 v1.16 At begin shipout hook (HO)
Package: refcount 2011/10/16 v3.4 Data extraction from label references (HO)
Package: hycolor 2011/01/30 v1.7 Color options for hyperref/bookmark (HO)
)
(/usr/local/texlive/2014/texmf-dist/tex/generic/ifxetex/ifxetex.sty
Package: ifxetex 2010/09/12 v0.6 Provides ifxetex conditional
)
(/usr/local/texlive/2014/texmf-dist/tex/latex/oberdiek/auxhook.sty
Package: auxhook 2011/03/04 v1.3 Hooks for auxiliary files (HO)
)
(/usr/local/texlive/2014/texmf-dist/tex/latex/oberdiek/kvoptions.sty
Package: kvoptions 2011/06/30 v3.11 Key value format for package options (HO)
)
\@linkdim=\dimen107
\Hy@linkcounter=\count97
\Hy@pagecounter=\count98

(/usr/local/texlive/2014/texmf-dist/tex/latex/hyperref/pd1enc.def
File: pd1enc.def 2012/11/06 v6.83m Hyperref: PDFDocEncoding definition (HO)
)
\Hy@SavedSpaceFactor=\count99

(/usr/local/texlive/2014/texmf-dist/tex/latex/latexconfig/hyperref.cfg
File: hyperref.cfg 2002/06/06 v1.2 hyperref configuration of TeXLive
)
Package hyperref Info: Option `bookmarks' set `true' on input line 4319.
Package hyperref Info: Option `colorlinks' set `true' on input line 4319.
Package hyperref Info: Option `plainpages' set `false' on input line 4319.
Package hyperref Info: Option `pdfpagelabels' set `true' on input line 4319.
Package hyperref Info: Option `breaklinks' set `true' on input line 4319.
Package hyperref Info: Hyper figures OFF on input line 4443.
Package hyperref Info: Link nesting OFF on input line 4448.
Package hyperref Info: Hyper index ON on input line 4451.
Package hyperref Info: Plain pages OFF on input line 4458.
Package hyperref Info: Backreferencing OFF on input line 4463.
Package hyperref Info: Implicit mode ON; LaTeX internals redefined.
Package hyperref Info: Bookmarks ON on input line 4688.
\c@Hy@tempcnt=\count100

(/usr/local/texlive/2014/texmf-dist/tex/latex/url/url.sty
\Urlmuskip=\muskip10
Package: url 2013/09/16  ver 3.4  Verb mode for urls, etc.
)
LaTeX Info: Redefining \url on input line 5041.
\XeTeXLinkMargin=\dimen108
\Fld@menulength=\count101
\Field@Width=\dimen109
\Fld@charsize=\dimen110
Package hyperref Info: Hyper figures OFF on input line 6295.
Package hyperref Info: Link nesting OFF on input line 6300.
Package hyperref Info: Hyper index ON on input line 6303.
Package hyperref Info: backreferencing OFF on input line 6310.
Package hyperref Info: Link coloring ON on input line 6313.
Package hyperref Info: Link coloring with OCG OFF on input line 6320.
Package hyperref Info: PDF/A mode OFF on input line 6325.
LaTeX Info: Redefining \ref on input line 6365.
LaTeX Info: Redefining \pageref on input line 6369.
\Hy@abspage=\count102
\c@Item=\count103
\c@Hfootnote=\count104
)

Package hyperref Message: Driver: hpdftex.

(/usr/local/texlive/2014/texmf-dist/tex/latex/hyperref/hpdftex.def
File: hpdftex.def 2012/11/06 v6.83m Hyperref driver for pdfTeX
\Fld@listcount=\count105
\c@bookmark@seq@number=\count106

(/usr/local/texlive/2014/texmf-dist/tex/latex/oberdiek/rerunfilecheck.sty
Package: rerunfilecheck 2011/04/15 v1.7 Rerun checks for auxiliary files (HO)
Package uniquecounter Info: New unique counter `rerunfilecheck' on input line 2
82.
)
\Hy@SectionHShift=\skip44
)
(/usr/local/texlive/2014/texmf-dist/tex/latex/graphics/graphicx.sty
Package: graphicx 2014/10/28 v1.0g Enhanced LaTeX Graphics (DPC,SPQR)

(/usr/local/texlive/2014/texmf-dist/tex/latex/graphics/graphics.sty
Package: graphics 2014/10/28 v1.0p Standard LaTeX Graphics (DPC,SPQR)

(/usr/local/texlive/2014/texmf-dist/tex/latex/graphics/trig.sty
Package: trig 1999/03/16 v1.09 sin cos tan (DPC)
)
(/usr/local/texlive/2014/texmf-dist/tex/latex/latexconfig/graphics.cfg
File: graphics.cfg 2010/04/23 v1.9 graphics configuration of TeX Live
)
Package graphics Info: Driver file: pdftex.def on input line 91.
)
\Gin@req@height=\dimen111
\Gin@req@width=\dimen112
)
\@indexfile=\write3
\openout3 = `docs.idx'.


Writing index file docs.idx
(./docs.aux)
\openout1 = `docs.aux'.

LaTeX Font Info:    Checking defaults for OML/cmm/m/it on input line 41.
LaTeX Font Info:    ... okay on input line 41.
LaTeX Font Info:    Checking defaults for T1/cmr/m/n on input line 41.
LaTeX Font Info:    ... okay on input line 41.
LaTeX Font Info:    Checking defaults for OT1/cmr/m/n on input line 41.
LaTeX Font Info:    ... okay on input line 41.
LaTeX Font Info:    Checking defaults for OMS/cmsy/m/n on input line 41.
LaTeX Font Info:    ... okay on input line 41.
LaTeX Font Info:    Checking defaults for OMX/cmex/m/n on input line 41.
LaTeX Font Info:    ... okay on input line 41.
LaTeX Font Info:    Checking defaults for U/cmr/m/n on input line 41.
LaTeX Font Info:    ... okay on input line 41.
LaTeX Font Info:    Checking defaults for PD1/pdf/m/n on input line 41.
LaTeX Font Info:    ... okay on input line 41.
 (/usr/local/texlive/2014/texmf-dist/tex/context/base/supp-pdf.mkii
[Loading MPS to PDF converter (version 2006.09.02).]
\scratchcounter=\count107
\scratchdimen=\dimen113
\scratchbox=\box28
\nofMPsegments=\count108
\nofMParguments=\count109
\everyMPshowfont=\toks16
\MPscratchCnt=\count110
\MPscratchDim=\dimen114
\MPnumerator=\count111
\makeMPintoPDFobject=\count112
\everyMPtoPDFconversion=\toks17
)
\c@lstlisting=\count113
\AtBeginShipoutBox=\box29
Package hyperref Info: Link coloring ON on input line 41.
 (/usr/local/texlive/2014/texmf-dist/tex/latex/hyperref/nameref.sty
Package: nameref 2012/10/27 v2.43 Cross-referencing by name of section

(/usr/local/texlive/2014/texmf-dist/tex/generic/oberdiek/gettitlestring.sty
Package: gettitlestring 2010/12/03 v1.4 Cleanup title references (HO)
)
\c@section@level=\count114
)
LaTeX Info: Redefining \ref on input line 41.
LaTeX Info: Redefining \pageref on input line 41.
LaTeX Info: Redefining \nameref on input line 41.

(./docs.out) (./docs.out)
\@outlinefile=\write4
\openout4 = `docs.out'.


(/usr/local/texlive/2014/texmf-dist/tex/latex/oberdiek/epstopdf-base.sty
Package: epstopdf-base 2010/02/09 v2.5 Base part for package epstopdf

(/usr/local/texlive/2014/texmf-dist/tex/latex/oberdiek/grfext.sty
Package: grfext 2010/08/19 v1.1 Manage graphics extensions (HO)
)
Package grfext Info: Graphics extension search list:
(grfext)             [.png,.pdf,.jpg,.mps,.jpeg,.jbig2,.jb2,.PNG,.PDF,.JPG,.JPE
G,.JBIG2,.JB2,.eps]
(grfext)             \AppendGraphicsExtensions on input line 452.

(/usr/local/texlive/2014/texmf-dist/tex/latex/latexconfig/epstopdf-sys.cfg
File: epstopdf-sys.cfg 2010/07/13 v1.3 Configuration of (r)epstopdf for TeX Liv
e
))
(./docs.toc
LaTeX Font Info:    External font `cmex10' loaded for size
(Font)              <10.95> on input line 3.
LaTeX Font Info:    External font `cmex10' loaded for size
(Font)              <8> on input line 3.
LaTeX Font Info:    External font `cmex10' loaded for size
(Font)              <6> on input line 3.
 [1


{/usr/local/texlive/2014/texmf-var/fonts/map/pdftex/updmap/pdftex.map}] [2] [3]
)
\tf@toc=\write5
\openout5 = `docs.toc'.

 [4]
Chapter 1.

Overfull \hbox (17.0pt too wide) in paragraph at lines 50--51
[][] 
 []

LaTeX Font Info:    Try loading font information for OMS+cmr on input line 73.
(/usr/local/texlive/2014/texmf-dist/tex/latex/base/omscmr.fd
File: omscmr.fd 2014/09/29 v2.5h Standard LaTeX font definitions
)
LaTeX Font Info:    Font shape `OMS/cmr/m/n' in size <10.95> not available
(Font)              Font shape `OMS/cmsy/m/n' tried instead on input line 73.

Underfull \hbox (badness 10000) in paragraph at lines 75--76

 []


Underfull \hbox (badness 10000) in paragraph at lines 86--87

 []

[5

] [6]
Chapter 2.

Overfull \hbox (17.0pt too wide) in paragraph at lines 113--116
[][]
 []

[7

]
Underfull \hbox (badness 10000) in paragraph at lines 206--207

 []


Underfull \hbox (badness 10000) in paragraph at lines 224--225

 []

[8]
Underfull \hbox (badness 10000) in paragraph at lines 237--238

 []


Underfull \hbox (badness 10000) in paragraph at lines 250--251

 []


Underfull \hbox (badness 10000) in paragraph at lines 263--264

 []


Underfull \hbox (badness 10000) in paragraph at lines 276--277

 []

[9]
Underfull \hbox (badness 10000) in paragraph at lines 319--320

 []


Underfull \hbox (badness 10000) in paragraph at lines 330--331

 []


Underfull \hbox (badness 10000) in paragraph at lines 359--360

 []


Underfull \hbox (badness 10000) in paragraph at lines 370--371

 []

[10] [11]
Chapter 3.

Overfull \hbox (17.0pt too wide) in paragraph at lines 383--387
[][]
 []

[12

]
Underfull \hbox (badness 10000) in paragraph at lines 471--472

 []


Underfull \hbox (badness 10000) in paragraph at lines 498--499

 []

[13]
Underfull \hbox (badness 10000) in paragraph at lines 514--515

 []


Underfull \hbox (badness 10000) in paragraph at lines 530--531

 []


Underfull \hbox (badness 10000) in paragraph at lines 546--547

 []


Underfull \hbox (badness 10000) in paragraph at lines 562--563

 []


Underfull \hbox (badness 10000) in paragraph at lines 578--579

 []


Underfull \hbox (badness 10000) in paragraph at lines 598--599

 []

[14]
Underfull \hbox (badness 10000) in paragraph at lines 618--619

 []

Missing character: There is no Ã in font cmr10!
Missing character: There is no ¼ in font cmr10!
[15]
Missing character: There is no Ã in font cmr10!
Missing character: There is no ¼ in font cmr10!

Underfull \hbox (badness 10000) in paragraph at lines 701--702

 []


Underfull \hbox (badness 10000) in paragraph at lines 726--727

 []


Underfull \hbox (badness 10000) in paragraph at lines 739--740

 []


Underfull \hbox (badness 10000) in paragraph at lines 755--756

 []

[16]
Underfull \hbox (badness 10000) in paragraph at lines 771--772

 []


Underfull \hbox (badness 10000) in paragraph at lines 787--788

 []


Underfull \hbox (badness 10000) in paragraph at lines 807--808

 []

[17]
Underfull \hbox (badness 10000) in paragraph at lines 867--868

 []


Underfull \hbox (badness 10000) in paragraph at lines 892--893

 []

[18]
Missing character: There is no Ã in font cmr10!
Missing character: There is no ƒ in font cmr10!
Missing character: There is no Â in font cmr10!
Missing character: There is no ¶ in font cmr10!
 [19]
Underfull \hbox (badness 10000) in paragraph at lines 989--990

 []


Underfull \hbox (badness 10000) in paragraph at lines 1016--1017

 []

Missing character: There is no Ã in font cmr10!
Missing character: There is no ƒ in font cmr10!
Missing character: There is no Â in font cmr10!
Missing character: There is no ¶ in font cmr10!

Underfull \hbox (badness 10000) in paragraph at lines 1039--1040

 []


Underfull \hbox (badness 10000) in paragraph at lines 1059--1060

 []

[20]
Underfull \hbox (badness 10000) in paragraph at lines 1090--1091

 []


Underfull \hbox (badness 10000) in paragraph at lines 1103--1104

 []


Underfull \hbox (badness 10000) in paragraph at lines 1119--1120

 []


Underfull \hbox (badness 10000) in paragraph at lines 1135--1136

 []


Underfull \hbox (badness 10000) in paragraph at lines 1151--1152

 []

[21]
Underfull \hbox (badness 10000) in paragraph at lines 1167--1168

 []


Underfull \hbox (badness 10000) in paragraph at lines 1191--1192

 []


Underfull \hbox (badness 10000) in paragraph at lines 1218--1219

 []


Underfull \hbox (badness 10000) in paragraph at lines 1241--1242

 []

[22]
Underfull \hbox (badness 10000) in paragraph at lines 1264--1265

 []


Underfull \hbox (badness 10000) in paragraph at lines 1284--1285

 []


Underfull \hbox (badness 10000) in paragraph at lines 1297--1298

 []

[23]
Chapter 4.

Overfull \hbox (17.0pt too wide) in paragraph at lines 1320--1325
[][]
 []


Underfull \hbox (badness 10000) in paragraph at lines 1348--1349

 []

[24

]
Underfull \hbox (badness 10000) in paragraph at lines 1359--1360

 []


Underfull \hbox (badness 10000) in paragraph at lines 1415--1416

 []


Underfull \hbox (badness 10000) in paragraph at lines 1426--1427

 []

[25]
Underfull \hbox (badness 10000) in paragraph at lines 1455--1456

 []


Underfull \hbox (badness 10000) in paragraph at lines 1466--1467

 []


Underfull \hbox (badness 10000) in paragraph at lines 1472--1473

 []

[26]
Underfull \hbox (badness 10000) in paragraph at lines 1500--1501

 []


Underfull \hbox (badness 10000) in paragraph at lines 1511--1512

 []


Underfull \hbox (badness 10000) in paragraph at lines 1539--1540

 []


Underfull \hbox (badness 10000) in paragraph at lines 1550--1551

 []

[27]
Chapter 5.

Overfull \hbox (17.0pt too wide) in paragraph at lines 1563--1564
[][] 
 []


Overfull \hbox (17.0pt too wide) in paragraph at lines 1566--1573
[][]
 []

LaTeX Font Info:    External font `cmex10' loaded for size
(Font)              <7> on input line 1582.
LaTeX Font Info:    External font `cmex10' loaded for size
(Font)              <5> on input line 1582.
[28

]
Underfull \hbox (badness 10000) in paragraph at lines 1604--1605

 []


Underfull \hbox (badness 10000) in paragraph at lines 1620--1621

 []


Underfull \hbox (badness 10000) in paragraph at lines 1633--1634

 []

[29]
Underfull \hbox (badness 10000) in paragraph at lines 1653--1654

 []


Underfull \hbox (badness 10000) in paragraph at lines 1675--1676

 []


Underfull \hbox (badness 10000) in paragraph at lines 1695--1696

 []


Underfull \hbox (badness 10000) in paragraph at lines 1715--1716

 []

[30]
Underfull \hbox (badness 10000) in paragraph at lines 1735--1736

 []


Underfull \hbox (badness 10000) in paragraph at lines 1751--1752

 []


Underfull \hbox (badness 10000) in paragraph at lines 1777--1778

 []

Missing character: There is no Ã in font cmr10!
Missing character: There is no ¶ in font cmr10!

Underfull \hbox (badness 10000) in paragraph at lines 1790--1791

 []

[31] [32]
Underfull \hbox (badness 10000) in paragraph at lines 1892--1893

 []


Underfull \hbox (badness 10000) in paragraph at lines 1914--1915

 []


Underfull \hbox (badness 10000) in paragraph at lines 1939--1940

 []


Underfull \hbox (badness 10000) in paragraph at lines 1955--1956

 []


Underfull \hbox (badness 10000) in paragraph at lines 1971--1972

 []

[33]
Underfull \hbox (badness 10000) in paragraph at lines 1984--1985

 []


Underfull \hbox (badness 10000) in paragraph at lines 1997--1998

 []


Underfull \hbox (badness 10000) in paragraph at lines 2010--2011

 []

LaTeX Font Info:    Font shape `OMS/cmr/m/n' in size <10> not available
(Font)              Font shape `OMS/cmsy/m/n' tried instead on input line 2030.


Underfull \hbox (badness 10000) in paragraph at lines 2067--2069
[]\OT1/cmtt/m/n/10 private void \OT1/cmr/bx/n/10 writeOb-ject\OT1/cmtt/m/n/10 (
java.io.ObjectOutputStream \OT1/cmr/bx/n/10 arg0\OT1/cmtt/m/n/10 ) throws
 []

[34]
Underfull \hbox (badness 10000) in paragraph at lines 2104--2106
[]\OT1/cmtt/m/n/10 protected void \OT1/cmr/bx/n/10 ad-dImpl\OT1/cmtt/m/n/10 (ja
va.awt.Component \OT1/cmr/bx/n/10 arg0\OT1/cmtt/m/n/10 , java.lang.Object \OT1/
cmr/bx/n/10 arg1\OT1/cmtt/m/n/10 , int
 []


Underfull \hbox (badness 10000) in paragraph at lines 2136--2138
[] \OT1/cmtt/m/n/10 void \OT1/cmr/bx/n/10 client-Prop-er-ty-Changed\OT1/cmtt/m/
n/10 (java.lang.Object \OT1/cmr/bx/n/10 arg0\OT1/cmtt/m/n/10 , java.lang.Object
 \OT1/cmr/bx/n/10 arg1\OT1/cmtt/m/n/10 ,
 []


Underfull \hbox (badness 10000) in paragraph at lines 2157--2159
[]\OT1/cmtt/m/n/10 protected PropertyChangeListener \OT1/cmr/bx/n/10 cre-ate-Ac
-tion-Prop-er-ty-Change-Lis-tener\OT1/cmtt/m/n/10 (Action
 []

[35]
Underfull \hbox (badness 10000) in paragraph at lines 2361--2363
[]\OT1/cmtt/m/n/10 public boolean \OT1/cmr/bx/n/10 image-Up-date\OT1/cmtt/m/n/1
0 (java.awt.Image \OT1/cmr/bx/n/10 arg0\OT1/cmtt/m/n/10 , int \OT1/cmr/bx/n/10 
arg1\OT1/cmtt/m/n/10 , int \OT1/cmr/bx/n/10 arg2\OT1/cmtt/m/n/10 , int \OT1/cmr
/bx/n/10 arg3\OT1/cmtt/m/n/10 ,
 []


Underfull \hbox (badness 10000) in paragraph at lines 2383--2385
[]\OT1/cmtt/m/n/10 private boolean \OT1/cmr/bx/n/10 is-Lis-tener\OT1/cmtt/m/n/1
0 (java.lang.Class \OT1/cmr/bx/n/10 arg0\OT1/cmtt/m/n/10 , java.awt.event.Actio
nListener
 []

[36]
Underfull \hbox (badness 10000) in paragraph at lines 2517--2519
[]\OT1/cmtt/m/n/10 public void \OT1/cmr/bx/n/10 set-Dis-playedM-nemonicIn-dex\O
T1/cmtt/m/n/10 (int \OT1/cmr/bx/n/10 arg0\OT1/cmtt/m/n/10 ) throws
 []

[37]
Overfull \hbox (24.6759pt too wide) in paragraph at lines 2726--2728
[]\OT1/cmtt/m/n/10 public synchronized void \OT1/cmr/bx/n/10 ad-dVe-toableChang
e-Lis-tener\OT1/cmtt/m/n/10 (java.beans.VetoableChangeListener
 []


Underfull \hbox (badness 10000) in paragraph at lines 2771--2773
[] \OT1/cmtt/m/n/10 void \OT1/cmr/bx/n/10 client-Prop-er-ty-Changed\OT1/cmtt/m/
n/10 (java.lang.Object \OT1/cmr/bx/n/10 arg0\OT1/cmtt/m/n/10 , java.lang.Object
 \OT1/cmr/bx/n/10 arg1\OT1/cmtt/m/n/10 ,
 []


Underfull \hbox (badness 10000) in paragraph at lines 2789--2791
[]\OT1/cmtt/m/n/10 static final void \OT1/cmr/bx/n/10 com-pute-Vis-i-bleRect\OT
1/cmtt/m/n/10 (java.awt.Component \OT1/cmr/bx/n/10 arg0\OT1/cmtt/m/n/10 ,
 []


Underfull \hbox (badness 10000) in paragraph at lines 2845--2847
[]\OT1/cmtt/m/n/10 public void \OT1/cmr/bx/n/10 fire-Prop-er-ty-Change\OT1/cmtt
/m/n/10 (java.lang.String \OT1/cmr/bx/n/10 arg0\OT1/cmtt/m/n/10 , boolean \OT1/
cmr/bx/n/10 arg1\OT1/cmtt/m/n/10 , boolean
 []


Underfull \hbox (badness 10000) in paragraph at lines 2863--2865
[]\OT1/cmtt/m/n/10 protected void \OT1/cmr/bx/n/10 fireVe-toableChange\OT1/cmtt
/m/n/10 (java.lang.String \OT1/cmr/bx/n/10 arg0\OT1/cmtt/m/n/10 , java.lang.Obj
ect \OT1/cmr/bx/n/10 arg1\OT1/cmtt/m/n/10 ,
 []

[38] [39]
Underfull \hbox (badness 10000) in paragraph at lines 3164--3166
[]\OT1/cmtt/m/n/10 private static boolean \OT1/cmr/bx/n/10 is-Com-po-nen-tO-b-t
ain-ing-Graph-ics-From\OT1/cmtt/m/n/10 (java.awt.Component
 []


Underfull \hbox (badness 10000) in paragraph at lines 3276--3278
[] \OT1/cmtt/m/n/10 void \OT1/cmr/bx/n/10 paint-ToOff-screen\OT1/cmtt/m/n/10 (j
ava.awt.Graphics \OT1/cmr/bx/n/10 arg0\OT1/cmtt/m/n/10 , int \OT1/cmr/bx/n/10 a
rg1\OT1/cmtt/m/n/10 , int \OT1/cmr/bx/n/10 arg2\OT1/cmtt/m/n/10 , int \OT1/cmr/
bx/n/10 arg3\OT1/cmtt/m/n/10 , int
 []


Underfull \hbox (badness 10000) in paragraph at lines 3317--3319
[]\OT1/cmtt/m/n/10 protected boolean \OT1/cmr/bx/n/10 pro-cessKey-Bind-ing\OT1/
cmtt/m/n/10 (KeyStroke \OT1/cmr/bx/n/10 arg0\OT1/cmtt/m/n/10 , java.awt.event.K
eyEvent
 []


Underfull \hbox (badness 10000) in paragraph at lines 3328--3330
[]\OT1/cmtt/m/n/10 static boolean \OT1/cmr/bx/n/10 pro-cessKey-Bind-ings-ForAll
-Com-po-nents\OT1/cmtt/m/n/10 (java.awt.event.KeyEvent
 []


Underfull \hbox (badness 10000) in paragraph at lines 3345--3347
[]\OT1/cmtt/m/n/10 public final void \OT1/cmr/bx/n/10 put-Client-Prop-erty\OT1/
cmtt/m/n/10 (java.lang.Object \OT1/cmr/bx/n/10 arg0\OT1/cmtt/m/n/10 , java.lang
.Object
 []

[40]
Underfull \hbox (badness 10000) in paragraph at lines 3349--3351
[]\OT1/cmtt/m/n/10 private void \OT1/cmr/bx/n/10 read-Ob-ject\OT1/cmtt/m/n/10 (
java.io.ObjectInputStream \OT1/cmr/bx/n/10 arg0\OT1/cmtt/m/n/10 ) throws
 []


Underfull \hbox (badness 10000) in paragraph at lines 3369--3371
[]\OT1/cmtt/m/n/10 public void \OT1/cmr/bx/n/10 reg-is-terKey-boar-d-Ac-tion\OT
1/cmtt/m/n/10 (java.awt.event.ActionListener \OT1/cmr/bx/n/10 arg0\OT1/cmtt/m/n
/10 ,
 []


Underfull \hbox (badness 10000) in paragraph at lines 3376--3378
[]\OT1/cmtt/m/n/10 public void \OT1/cmr/bx/n/10 reg-is-terKey-boar-d-Ac-tion\OT
1/cmtt/m/n/10 (java.awt.event.ActionListener \OT1/cmr/bx/n/10 arg0\OT1/cmtt/m/n
/10 ,
 []


Overfull \hbox (42.34947pt too wide) in paragraph at lines 3404--3406
[]\OT1/cmtt/m/n/10 public synchronized void \OT1/cmr/bx/n/10 re-moveVe-toableCh
ange-Lis-tener\OT1/cmtt/m/n/10 (java.beans.VetoableChangeListener
 []


Underfull \hbox (badness 10000) in paragraph at lines 3484--3486
[]\OT1/cmtt/m/n/10 static Graphics \OT1/cmr/bx/n/10 safe-lyGet-Graph-ics\OT1/cm
tt/m/n/10 (java.awt.Component \OT1/cmr/bx/n/10 arg0\OT1/cmtt/m/n/10 , java.awt.
Component
 []


Underfull \hbox (badness 10000) in paragraph at lines 3538--3540
[] \OT1/cmtt/m/n/10 Object \OT1/cmr/bx/n/10 set-DropLo-ca-tion\OT1/cmtt/m/n/10 
(TransferHandler.DropLocation \OT1/cmr/bx/n/10 arg0\OT1/cmtt/m/n/10 , java.lang
.Object
 []

[41]
Underfull \hbox (badness 10000) in paragraph at lines 3712--3714
[]\OT1/cmtt/m/n/10 private void \OT1/cmr/bx/n/10 writeOb-ject\OT1/cmtt/m/n/10 (
java.io.ObjectOutputStream \OT1/cmr/bx/n/10 arg0\OT1/cmtt/m/n/10 ) throws
 []

[42]
Underfull \hbox (badness 10000) in paragraph at lines 3779--3781
[]\OT1/cmtt/m/n/10 public void \OT1/cmr/bx/n/10 ad-dProp-er-ty-Change-Lis-tener
\OT1/cmtt/m/n/10 (java.lang.String \OT1/cmr/bx/n/10 arg0\OT1/cmtt/m/n/10 ,
 []


Underfull \hbox (badness 10000) in paragraph at lines 3864--3866
[]\OT1/cmtt/m/n/10 final int \OT1/cmr/bx/n/10 cre-ate-Hier-ar-chyEvents\OT1/cmt
t/m/n/10 (int \OT1/cmr/bx/n/10 arg0\OT1/cmtt/m/n/10 , Component \OT1/cmr/bx/n/1
0 arg1\OT1/cmtt/m/n/10 , Container \OT1/cmr/bx/n/10 arg2\OT1/cmtt/m/n/10 , long

 []

[43]
Underfull \hbox (badness 10000) in paragraph at lines 4055--4057
[]\OT1/cmtt/m/n/10 private Component \OT1/cmr/bx/n/10 get-MouseEvent-Tar-get\OT
1/cmtt/m/n/10 (int \OT1/cmr/bx/n/10 arg0\OT1/cmtt/m/n/10 , int \OT1/cmr/bx/n/10
 arg1\OT1/cmtt/m/n/10 , boolean \OT1/cmr/bx/n/10 arg2\OT1/cmtt/m/n/10 ,
 []


Underfull \hbox (badness 10000) in paragraph at lines 4064--4066
[]\OT1/cmtt/m/n/10 private Component \OT1/cmr/bx/n/10 get-MouseEvent-Tar-getImp
l\OT1/cmtt/m/n/10 (int \OT1/cmr/bx/n/10 arg0\OT1/cmtt/m/n/10 , int \OT1/cmr/bx/
n/10 arg1\OT1/cmtt/m/n/10 , boolean \OT1/cmr/bx/n/10 arg2\OT1/cmtt/m/n/10 ,
 []


Underfull \hbox (badness 10000) in paragraph at lines 4160--4162
[]\OT1/cmtt/m/n/10 private static boolean \OT1/cmr/bx/n/10 is-Re-moveNo-ti-fyNe
eded\OT1/cmtt/m/n/10 (Component \OT1/cmr/bx/n/10 arg0\OT1/cmtt/m/n/10 , Contain
er \OT1/cmr/bx/n/10 arg1\OT1/cmtt/m/n/10 ,
 []

[44]
Underfull \hbox (badness 10000) in paragraph at lines 4321--4323
[]\OT1/cmtt/m/n/10 private void \OT1/cmr/bx/n/10 read-Ob-ject\OT1/cmtt/m/n/10 (
java.io.ObjectInputStream \OT1/cmr/bx/n/10 arg0\OT1/cmtt/m/n/10 ) throws
 []


Underfull \hbox (badness 10000) in paragraph at lines 4355--4357
[]\OT1/cmtt/m/n/10 final void \OT1/cmr/bx/n/10 re-cur-siveSub-trac-tAn-dAp-plyS
hape\OT1/cmtt/m/n/10 (sun.java2d.pipe.Region \OT1/cmr/bx/n/10 arg0\OT1/cmtt/m/n
/10 , int
 []


Underfull \hbox (badness 10000) in paragraph at lines 4361--4363
[]\OT1/cmtt/m/n/10 final void \OT1/cmr/bx/n/10 re-cur-siveSub-trac-tAn-dAp-plyS
hape\OT1/cmtt/m/n/10 (sun.java2d.pipe.Region \OT1/cmr/bx/n/10 arg0\OT1/cmtt/m/n
/10 , int
 []

[45]
Underfull \hbox (badness 10000) in paragraph at lines 4471--4473
[]\OT1/cmtt/m/n/10 private void \OT1/cmr/bx/n/10 writeOb-ject\OT1/cmtt/m/n/10 (
java.io.ObjectOutputStream \OT1/cmr/bx/n/10 arg0\OT1/cmtt/m/n/10 ) throws
 []


Underfull \hbox (badness 10000) in paragraph at lines 4522--4524
[]\OT1/cmtt/m/n/10 public synchronized void \OT1/cmr/bx/n/10 addIn-put-Method-L
is-tener\OT1/cmtt/m/n/10 (event.InputMethodListener
 []


Underfull \hbox (badness 10000) in paragraph at lines 4534--4536
[]\OT1/cmtt/m/n/10 public synchronized void \OT1/cmr/bx/n/10 ad-dMouse-Mo-tion-
Lis-tener\OT1/cmtt/m/n/10 (event.MouseMotionListener
 []


Underfull \hbox (badness 10000) in paragraph at lines 4551--4553
[]\OT1/cmtt/m/n/10 public void \OT1/cmr/bx/n/10 ad-dProp-er-ty-Change-Lis-tener
\OT1/cmtt/m/n/10 (java.lang.String \OT1/cmr/bx/n/10 arg0\OT1/cmtt/m/n/10 ,
 []

[46]
Underfull \hbox (badness 10000) in paragraph at lines 4732--4734
[] \OT1/cmtt/m/n/10 void \OT1/cmr/bx/n/10 cre-ate-Buffer-Strat-egy\OT1/cmtt/m/n
/10 (int \OT1/cmr/bx/n/10 arg0\OT1/cmtt/m/n/10 , BufferCapabilities \OT1/cmr/bx
/n/10 arg1\OT1/cmtt/m/n/10 ) throws
 []


Underfull \hbox (badness 10000) in paragraph at lines 4740--4742
[] \OT1/cmtt/m/n/10 int \OT1/cmr/bx/n/10 cre-ate-Hier-ar-chyEvents\OT1/cmtt/m/n
/10 (int \OT1/cmr/bx/n/10 arg0\OT1/cmtt/m/n/10 , Component \OT1/cmr/bx/n/10 arg
1\OT1/cmtt/m/n/10 , Container \OT1/cmr/bx/n/10 arg2\OT1/cmtt/m/n/10 , long \OT1
/cmr/bx/n/10 arg3\OT1/cmtt/m/n/10 ,
 []


Underfull \hbox (badness 10000) in paragraph at lines 4760--4762
[]\OT1/cmtt/m/n/10 public VolatileImage \OT1/cmr/bx/n/10 cre-at-eVolatileIm-age
\OT1/cmtt/m/n/10 (int \OT1/cmr/bx/n/10 arg0\OT1/cmtt/m/n/10 , int \OT1/cmr/bx/n
/10 arg1\OT1/cmtt/m/n/10 , ImageCapabilities
 []

[47]
Underfull \hbox (badness 10000) in paragraph at lines 4844--4846
[]\OT1/cmtt/m/n/10 protected void \OT1/cmr/bx/n/10 fire-Prop-er-ty-Change\OT1/c
mtt/m/n/10 (java.lang.String \OT1/cmr/bx/n/10 arg0\OT1/cmtt/m/n/10 , boolean \O
T1/cmr/bx/n/10 arg1\OT1/cmtt/m/n/10 , boolean
 []


Underfull \hbox (badness 10000) in paragraph at lines 4886--4888
[]\OT1/cmtt/m/n/10 protected void \OT1/cmr/bx/n/10 fire-Prop-er-ty-Change\OT1/c
mtt/m/n/10 (java.lang.String \OT1/cmr/bx/n/10 arg0\OT1/cmtt/m/n/10 , java.lang.
Object \OT1/cmr/bx/n/10 arg1\OT1/cmtt/m/n/10 ,
 []

[48] [49]
Underfull \hbox (badness 10000) in paragraph at lines 5313--5315
[]\OT1/cmtt/m/n/10 public boolean \OT1/cmr/bx/n/10 image-Up-date\OT1/cmtt/m/n/1
0 (Image \OT1/cmr/bx/n/10 arg0\OT1/cmtt/m/n/10 , int \OT1/cmr/bx/n/10 arg1\OT1/
cmtt/m/n/10 , int \OT1/cmr/bx/n/10 arg2\OT1/cmtt/m/n/10 , int \OT1/cmr/bx/n/10 
arg3\OT1/cmtt/m/n/10 , int \OT1/cmr/bx/n/10 arg4\OT1/cmtt/m/n/10 ,
 []


Underfull \hbox (badness 10000) in paragraph at lines 5466--5468
[]\OT1/cmtt/m/n/10 private boolean \OT1/cmr/bx/n/10 is-Re-quest-Fo-cusAc-cepted
\OT1/cmtt/m/n/10 (boolean \OT1/cmr/bx/n/10 arg0\OT1/cmtt/m/n/10 , boolean \OT1/
cmr/bx/n/10 arg1\OT1/cmtt/m/n/10 ,
 []

[50] [51]
Underfull \hbox (badness 10000) in paragraph at lines 5762--5764
[]\OT1/cmtt/m/n/10 public boolean \OT1/cmr/bx/n/10 pre-pareIm-age\OT1/cmtt/m/n/
10 (Image \OT1/cmr/bx/n/10 arg0\OT1/cmtt/m/n/10 , int \OT1/cmr/bx/n/10 arg1\OT1
/cmtt/m/n/10 , int \OT1/cmr/bx/n/10 arg2\OT1/cmtt/m/n/10 , image.ImageObserver
 []


Underfull \hbox (badness 10000) in paragraph at lines 5818--5820
[]\OT1/cmtt/m/n/10 private void \OT1/cmr/bx/n/10 read-Ob-ject\OT1/cmtt/m/n/10 (
java.io.ObjectInputStream \OT1/cmr/bx/n/10 arg0\OT1/cmtt/m/n/10 ) throws
 []


Underfull \hbox (badness 10000) in paragraph at lines 5846--5848
[]\OT1/cmtt/m/n/10 public synchronized void \OT1/cmr/bx/n/10 re-moveIn-put-Meth
od-Lis-tener\OT1/cmtt/m/n/10 (event.InputMethodListener
 []


Underfull \hbox (badness 10000) in paragraph at lines 5858--5860
[]\OT1/cmtt/m/n/10 public synchronized void \OT1/cmr/bx/n/10 re-move-Mouse-Mo-t
ion-Lis-tener\OT1/cmtt/m/n/10 (event.MouseMotionListener
 []


Underfull \hbox (badness 10000) in paragraph at lines 5862--5864
[]\OT1/cmtt/m/n/10 public synchronized void \OT1/cmr/bx/n/10 re-move-Mouse-Whee
l-Lis-tener\OT1/cmtt/m/n/10 (event.MouseWheelListener
 []


Underfull \hbox (badness 10000) in paragraph at lines 5870--5872
[]\OT1/cmtt/m/n/10 public void \OT1/cmr/bx/n/10 re-move-Prop-er-ty-Change-Lis-t
ener\OT1/cmtt/m/n/10 (java.beans.PropertyChangeListener
 []


Underfull \hbox (badness 10000) in paragraph at lines 5875--5877
[]\OT1/cmtt/m/n/10 public void \OT1/cmr/bx/n/10 re-move-Prop-er-ty-Change-Lis-t
ener\OT1/cmtt/m/n/10 (java.lang.String \OT1/cmr/bx/n/10 arg0\OT1/cmtt/m/n/10 ,
 []

[52]
Underfull \hbox (badness 10000) in paragraph at lines 5936--5938
[]\OT1/cmtt/m/n/10 final boolean \OT1/cmr/bx/n/10 re-quest-Fo-cusHelper\OT1/cmt
t/m/n/10 (boolean \OT1/cmr/bx/n/10 arg0\OT1/cmtt/m/n/10 , boolean \OT1/cmr/bx/n
/10 arg1\OT1/cmtt/m/n/10 ,
 []


Underfull \hbox (badness 10000) in paragraph at lines 5949--5951
[] \OT1/cmtt/m/n/10 boolean \OT1/cmr/bx/n/10 re-quest-Fo-cus-In-Win-dow\OT1/cmt
t/m/n/10 (boolean \OT1/cmr/bx/n/10 arg0\OT1/cmtt/m/n/10 , sun.awt.CausedFocusEv
ent.Cause
 []


Underfull \hbox (badness 10000) in paragraph at lines 5968--5970
[]\OT1/cmtt/m/n/10 private void \OT1/cmr/bx/n/10 re-shape-Na-tivePeer\OT1/cmtt/
m/n/10 (int \OT1/cmr/bx/n/10 arg0\OT1/cmtt/m/n/10 , int \OT1/cmr/bx/n/10 arg1\O
T1/cmtt/m/n/10 , int \OT1/cmr/bx/n/10 arg2\OT1/cmtt/m/n/10 , int \OT1/cmr/bx/n/
10 arg3\OT1/cmtt/m/n/10 , int
 []


Overfull \hbox (3.1789pt too wide) in paragraph at lines 6093--6095
[]\OT1/cmtt/m/n/10 static synchronized void \OT1/cmr/bx/n/10 se-tRe-quest-Fo-cu
s-Con-troller\OT1/cmtt/m/n/10 (sun.awt.RequestFocusController
 []

[53]
Underfull \hbox (badness 10000) in paragraph at lines 6201--6203
[]\OT1/cmtt/m/n/10 private void \OT1/cmr/bx/n/10 writeOb-ject\OT1/cmtt/m/n/10 (
java.io.ObjectOutputStream \OT1/cmr/bx/n/10 arg0\OT1/cmtt/m/n/10 ) throws
 []

[54]
Underfull \hbox (badness 10000) in paragraph at lines 6298--6299

 []


Underfull \hbox (badness 10000) in paragraph at lines 6325--6326

 []

[55]
Underfull \hbox (badness 10000) in paragraph at lines 6347--6348

 []


Underfull \hbox (badness 10000) in paragraph at lines 6367--6368

 []

[56]
Underfull \hbox (badness 10000) in paragraph at lines 6421--6422

 []


Underfull \hbox (badness 10000) in paragraph at lines 6432--6433

 []


Underfull \hbox (badness 10000) in paragraph at lines 6438--6439

 []

[57] [58]
Underfull \hbox (badness 10000) in paragraph at lines 6592--6593

 []


Underfull \hbox (badness 10000) in paragraph at lines 6603--6604

 []


Underfull \hbox (badness 10000) in paragraph at lines 6619--6620

 []


Underfull \hbox (badness 10000) in paragraph at lines 6632--6633

 []

[59]
Underfull \hbox (badness 10000) in paragraph at lines 6652--6653

 []


Underfull \hbox (badness 10000) in paragraph at lines 6672--6673

 []


Underfull \hbox (badness 10000) in paragraph at lines 6692--6693

 []


Underfull \hbox (badness 10000) in paragraph at lines 6716--6717

 []

[60]
Underfull \hbox (badness 10000) in paragraph at lines 6738--6739

 []


Underfull \hbox (badness 10000) in paragraph at lines 6768--6769

 []


Underfull \hbox (badness 10000) in paragraph at lines 6788--6789

 []

[61]
Underfull \hbox (badness 10000) in paragraph at lines 6808--6809

 []


Underfull \hbox (badness 10000) in paragraph at lines 6828--6829

 []


Underfull \hbox (badness 10000) in paragraph at lines 6844--6845

 []


Underfull \hbox (badness 10000) in paragraph at lines 6870--6871

 []


Underfull \hbox (badness 10000) in paragraph at lines 6883--6884

 []

[62]
Missing character: There is no Ã in font cmr10!
Missing character: There is no ¶ in font cmr10!

Underfull \hbox (badness 10000) in paragraph at lines 6896--6897

 []

[63]
Underfull \hbox (badness 10000) in paragraph at lines 6964--6965

 []


Underfull \hbox (badness 10000) in paragraph at lines 6975--6976

 []


Underfull \hbox (badness 10000) in paragraph at lines 6988--6989

 []


Underfull \hbox (badness 10000) in paragraph at lines 7008--7009

 []

[64]
Overfull \hbox (24.6759pt too wide) in paragraph at lines 7068--7070
[]\OT1/cmtt/m/n/10 public synchronized void \OT1/cmr/bx/n/10 ad-dVe-toableChang
e-Lis-tener\OT1/cmtt/m/n/10 (java.beans.VetoableChangeListener
 []


Underfull \hbox (badness 10000) in paragraph at lines 7113--7115
[] \OT1/cmtt/m/n/10 void \OT1/cmr/bx/n/10 client-Prop-er-ty-Changed\OT1/cmtt/m/
n/10 (java.lang.Object \OT1/cmr/bx/n/10 arg0\OT1/cmtt/m/n/10 , java.lang.Object
 \OT1/cmr/bx/n/10 arg1\OT1/cmtt/m/n/10 ,
 []


Underfull \hbox (badness 10000) in paragraph at lines 7131--7133
[]\OT1/cmtt/m/n/10 static final void \OT1/cmr/bx/n/10 com-pute-Vis-i-bleRect\OT
1/cmtt/m/n/10 (java.awt.Component \OT1/cmr/bx/n/10 arg0\OT1/cmtt/m/n/10 ,
 []


Underfull \hbox (badness 10000) in paragraph at lines 7187--7189
[]\OT1/cmtt/m/n/10 public void \OT1/cmr/bx/n/10 fire-Prop-er-ty-Change\OT1/cmtt
/m/n/10 (java.lang.String \OT1/cmr/bx/n/10 arg0\OT1/cmtt/m/n/10 , boolean \OT1/
cmr/bx/n/10 arg1\OT1/cmtt/m/n/10 , boolean
 []


Underfull \hbox (badness 10000) in paragraph at lines 7205--7207
[]\OT1/cmtt/m/n/10 protected void \OT1/cmr/bx/n/10 fireVe-toableChange\OT1/cmtt
/m/n/10 (java.lang.String \OT1/cmr/bx/n/10 arg0\OT1/cmtt/m/n/10 , java.lang.Obj
ect \OT1/cmr/bx/n/10 arg1\OT1/cmtt/m/n/10 ,
 []

[65] [66]
Underfull \hbox (badness 10000) in paragraph at lines 7506--7508
[]\OT1/cmtt/m/n/10 private static boolean \OT1/cmr/bx/n/10 is-Com-po-nen-tO-b-t
ain-ing-Graph-ics-From\OT1/cmtt/m/n/10 (java.awt.Component
 []


Underfull \hbox (badness 10000) in paragraph at lines 7618--7620
[] \OT1/cmtt/m/n/10 void \OT1/cmr/bx/n/10 paint-ToOff-screen\OT1/cmtt/m/n/10 (j
ava.awt.Graphics \OT1/cmr/bx/n/10 arg0\OT1/cmtt/m/n/10 , int \OT1/cmr/bx/n/10 a
rg1\OT1/cmtt/m/n/10 , int \OT1/cmr/bx/n/10 arg2\OT1/cmtt/m/n/10 , int \OT1/cmr/
bx/n/10 arg3\OT1/cmtt/m/n/10 , int
 []


Underfull \hbox (badness 10000) in paragraph at lines 7659--7661
[]\OT1/cmtt/m/n/10 protected boolean \OT1/cmr/bx/n/10 pro-cessKey-Bind-ing\OT1/
cmtt/m/n/10 (KeyStroke \OT1/cmr/bx/n/10 arg0\OT1/cmtt/m/n/10 , java.awt.event.K
eyEvent
 []


Underfull \hbox (badness 10000) in paragraph at lines 7670--7672
[]\OT1/cmtt/m/n/10 static boolean \OT1/cmr/bx/n/10 pro-cessKey-Bind-ings-ForAll
-Com-po-nents\OT1/cmtt/m/n/10 (java.awt.event.KeyEvent
 []


Underfull \hbox (badness 10000) in paragraph at lines 7687--7689
[]\OT1/cmtt/m/n/10 public final void \OT1/cmr/bx/n/10 put-Client-Prop-erty\OT1/
cmtt/m/n/10 (java.lang.Object \OT1/cmr/bx/n/10 arg0\OT1/cmtt/m/n/10 , java.lang
.Object
 []

[67]
Underfull \hbox (badness 10000) in paragraph at lines 7691--7693
[]\OT1/cmtt/m/n/10 private void \OT1/cmr/bx/n/10 read-Ob-ject\OT1/cmtt/m/n/10 (
java.io.ObjectInputStream \OT1/cmr/bx/n/10 arg0\OT1/cmtt/m/n/10 ) throws
 []


Underfull \hbox (badness 10000) in paragraph at lines 7711--7713
[]\OT1/cmtt/m/n/10 public void \OT1/cmr/bx/n/10 reg-is-terKey-boar-d-Ac-tion\OT
1/cmtt/m/n/10 (java.awt.event.ActionListener \OT1/cmr/bx/n/10 arg0\OT1/cmtt/m/n
/10 ,
 []


Underfull \hbox (badness 10000) in paragraph at lines 7718--7720
[]\OT1/cmtt/m/n/10 public void \OT1/cmr/bx/n/10 reg-is-terKey-boar-d-Ac-tion\OT
1/cmtt/m/n/10 (java.awt.event.ActionListener \OT1/cmr/bx/n/10 arg0\OT1/cmtt/m/n
/10 ,
 []


Overfull \hbox (42.34947pt too wide) in paragraph at lines 7746--7748
[]\OT1/cmtt/m/n/10 public synchronized void \OT1/cmr/bx/n/10 re-moveVe-toableCh
ange-Lis-tener\OT1/cmtt/m/n/10 (java.beans.VetoableChangeListener
 []


Underfull \hbox (badness 10000) in paragraph at lines 7826--7828
[]\OT1/cmtt/m/n/10 static Graphics \OT1/cmr/bx/n/10 safe-lyGet-Graph-ics\OT1/cm
tt/m/n/10 (java.awt.Component \OT1/cmr/bx/n/10 arg0\OT1/cmtt/m/n/10 , java.awt.
Component
 []


Underfull \hbox (badness 10000) in paragraph at lines 7880--7882
[] \OT1/cmtt/m/n/10 Object \OT1/cmr/bx/n/10 set-DropLo-ca-tion\OT1/cmtt/m/n/10 
(TransferHandler.DropLocation \OT1/cmr/bx/n/10 arg0\OT1/cmtt/m/n/10 , java.lang
.Object
 []

[68]
Underfull \hbox (badness 10000) in paragraph at lines 8054--8056
[]\OT1/cmtt/m/n/10 private void \OT1/cmr/bx/n/10 writeOb-ject\OT1/cmtt/m/n/10 (
java.io.ObjectOutputStream \OT1/cmr/bx/n/10 arg0\OT1/cmtt/m/n/10 ) throws
 []

[69]
Underfull \hbox (badness 10000) in paragraph at lines 8121--8123
[]\OT1/cmtt/m/n/10 public void \OT1/cmr/bx/n/10 ad-dProp-er-ty-Change-Lis-tener
\OT1/cmtt/m/n/10 (java.lang.String \OT1/cmr/bx/n/10 arg0\OT1/cmtt/m/n/10 ,
 []


Underfull \hbox (badness 10000) in paragraph at lines 8206--8208
[]\OT1/cmtt/m/n/10 final int \OT1/cmr/bx/n/10 cre-ate-Hier-ar-chyEvents\OT1/cmt
t/m/n/10 (int \OT1/cmr/bx/n/10 arg0\OT1/cmtt/m/n/10 , Component \OT1/cmr/bx/n/1
0 arg1\OT1/cmtt/m/n/10 , Container \OT1/cmr/bx/n/10 arg2\OT1/cmtt/m/n/10 , long

 []

[70]
Underfull \hbox (badness 10000) in paragraph at lines 8397--8399
[]\OT1/cmtt/m/n/10 private Component \OT1/cmr/bx/n/10 get-MouseEvent-Tar-get\OT
1/cmtt/m/n/10 (int \OT1/cmr/bx/n/10 arg0\OT1/cmtt/m/n/10 , int \OT1/cmr/bx/n/10
 arg1\OT1/cmtt/m/n/10 , boolean \OT1/cmr/bx/n/10 arg2\OT1/cmtt/m/n/10 ,
 []


Underfull \hbox (badness 10000) in paragraph at lines 8406--8408
[]\OT1/cmtt/m/n/10 private Component \OT1/cmr/bx/n/10 get-MouseEvent-Tar-getImp
l\OT1/cmtt/m/n/10 (int \OT1/cmr/bx/n/10 arg0\OT1/cmtt/m/n/10 , int \OT1/cmr/bx/
n/10 arg1\OT1/cmtt/m/n/10 , boolean \OT1/cmr/bx/n/10 arg2\OT1/cmtt/m/n/10 ,
 []


Underfull \hbox (badness 10000) in paragraph at lines 8502--8504
[]\OT1/cmtt/m/n/10 private static boolean \OT1/cmr/bx/n/10 is-Re-moveNo-ti-fyNe
eded\OT1/cmtt/m/n/10 (Component \OT1/cmr/bx/n/10 arg0\OT1/cmtt/m/n/10 , Contain
er \OT1/cmr/bx/n/10 arg1\OT1/cmtt/m/n/10 ,
 []

[71]
Underfull \hbox (badness 10000) in paragraph at lines 8663--8665
[]\OT1/cmtt/m/n/10 private void \OT1/cmr/bx/n/10 read-Ob-ject\OT1/cmtt/m/n/10 (
java.io.ObjectInputStream \OT1/cmr/bx/n/10 arg0\OT1/cmtt/m/n/10 ) throws
 []


Underfull \hbox (badness 10000) in paragraph at lines 8697--8699
[]\OT1/cmtt/m/n/10 final void \OT1/cmr/bx/n/10 re-cur-siveSub-trac-tAn-dAp-plyS
hape\OT1/cmtt/m/n/10 (sun.java2d.pipe.Region \OT1/cmr/bx/n/10 arg0\OT1/cmtt/m/n
/10 , int
 []


Underfull \hbox (badness 10000) in paragraph at lines 8703--8705
[]\OT1/cmtt/m/n/10 final void \OT1/cmr/bx/n/10 re-cur-siveSub-trac-tAn-dAp-plyS
hape\OT1/cmtt/m/n/10 (sun.java2d.pipe.Region \OT1/cmr/bx/n/10 arg0\OT1/cmtt/m/n
/10 , int
 []

[72]
Underfull \hbox (badness 10000) in paragraph at lines 8813--8815
[]\OT1/cmtt/m/n/10 private void \OT1/cmr/bx/n/10 writeOb-ject\OT1/cmtt/m/n/10 (
java.io.ObjectOutputStream \OT1/cmr/bx/n/10 arg0\OT1/cmtt/m/n/10 ) throws
 []


Underfull \hbox (badness 10000) in paragraph at lines 8864--8866
[]\OT1/cmtt/m/n/10 public synchronized void \OT1/cmr/bx/n/10 addIn-put-Method-L
is-tener\OT1/cmtt/m/n/10 (event.InputMethodListener
 []


Underfull \hbox (badness 10000) in paragraph at lines 8876--8878
[]\OT1/cmtt/m/n/10 public synchronized void \OT1/cmr/bx/n/10 ad-dMouse-Mo-tion-
Lis-tener\OT1/cmtt/m/n/10 (event.MouseMotionListener
 []


Underfull \hbox (badness 10000) in paragraph at lines 8893--8895
[]\OT1/cmtt/m/n/10 public void \OT1/cmr/bx/n/10 ad-dProp-er-ty-Change-Lis-tener
\OT1/cmtt/m/n/10 (java.lang.String \OT1/cmr/bx/n/10 arg0\OT1/cmtt/m/n/10 ,
 []

[73]
Underfull \hbox (badness 10000) in paragraph at lines 9074--9076
[] \OT1/cmtt/m/n/10 void \OT1/cmr/bx/n/10 cre-ate-Buffer-Strat-egy\OT1/cmtt/m/n
/10 (int \OT1/cmr/bx/n/10 arg0\OT1/cmtt/m/n/10 , BufferCapabilities \OT1/cmr/bx
/n/10 arg1\OT1/cmtt/m/n/10 ) throws
 []


Underfull \hbox (badness 10000) in paragraph at lines 9082--9084
[] \OT1/cmtt/m/n/10 int \OT1/cmr/bx/n/10 cre-ate-Hier-ar-chyEvents\OT1/cmtt/m/n
/10 (int \OT1/cmr/bx/n/10 arg0\OT1/cmtt/m/n/10 , Component \OT1/cmr/bx/n/10 arg
1\OT1/cmtt/m/n/10 , Container \OT1/cmr/bx/n/10 arg2\OT1/cmtt/m/n/10 , long \OT1
/cmr/bx/n/10 arg3\OT1/cmtt/m/n/10 ,
 []


Underfull \hbox (badness 10000) in paragraph at lines 9102--9104
[]\OT1/cmtt/m/n/10 public VolatileImage \OT1/cmr/bx/n/10 cre-at-eVolatileIm-age
\OT1/cmtt/m/n/10 (int \OT1/cmr/bx/n/10 arg0\OT1/cmtt/m/n/10 , int \OT1/cmr/bx/n
/10 arg1\OT1/cmtt/m/n/10 , ImageCapabilities
 []

[74]
Underfull \hbox (badness 10000) in paragraph at lines 9186--9188
[]\OT1/cmtt/m/n/10 protected void \OT1/cmr/bx/n/10 fire-Prop-er-ty-Change\OT1/c
mtt/m/n/10 (java.lang.String \OT1/cmr/bx/n/10 arg0\OT1/cmtt/m/n/10 , boolean \O
T1/cmr/bx/n/10 arg1\OT1/cmtt/m/n/10 , boolean
 []


Underfull \hbox (badness 10000) in paragraph at lines 9228--9230
[]\OT1/cmtt/m/n/10 protected void \OT1/cmr/bx/n/10 fire-Prop-er-ty-Change\OT1/c
mtt/m/n/10 (java.lang.String \OT1/cmr/bx/n/10 arg0\OT1/cmtt/m/n/10 , java.lang.
Object \OT1/cmr/bx/n/10 arg1\OT1/cmtt/m/n/10 ,
 []

[75] [76]
Underfull \hbox (badness 10000) in paragraph at lines 9655--9657
[]\OT1/cmtt/m/n/10 public boolean \OT1/cmr/bx/n/10 image-Up-date\OT1/cmtt/m/n/1
0 (Image \OT1/cmr/bx/n/10 arg0\OT1/cmtt/m/n/10 , int \OT1/cmr/bx/n/10 arg1\OT1/
cmtt/m/n/10 , int \OT1/cmr/bx/n/10 arg2\OT1/cmtt/m/n/10 , int \OT1/cmr/bx/n/10 
arg3\OT1/cmtt/m/n/10 , int \OT1/cmr/bx/n/10 arg4\OT1/cmtt/m/n/10 ,
 []


Underfull \hbox (badness 10000) in paragraph at lines 9808--9810
[]\OT1/cmtt/m/n/10 private boolean \OT1/cmr/bx/n/10 is-Re-quest-Fo-cusAc-cepted
\OT1/cmtt/m/n/10 (boolean \OT1/cmr/bx/n/10 arg0\OT1/cmtt/m/n/10 , boolean \OT1/
cmr/bx/n/10 arg1\OT1/cmtt/m/n/10 ,
 []

[77] [78]
Underfull \hbox (badness 10000) in paragraph at lines 10104--10106
[]\OT1/cmtt/m/n/10 public boolean \OT1/cmr/bx/n/10 pre-pareIm-age\OT1/cmtt/m/n/
10 (Image \OT1/cmr/bx/n/10 arg0\OT1/cmtt/m/n/10 , int \OT1/cmr/bx/n/10 arg1\OT1
/cmtt/m/n/10 , int \OT1/cmr/bx/n/10 arg2\OT1/cmtt/m/n/10 , image.ImageObserver
 []


Underfull \hbox (badness 10000) in paragraph at lines 10160--10162
[]\OT1/cmtt/m/n/10 private void \OT1/cmr/bx/n/10 read-Ob-ject\OT1/cmtt/m/n/10 (
java.io.ObjectInputStream \OT1/cmr/bx/n/10 arg0\OT1/cmtt/m/n/10 ) throws
 []


Underfull \hbox (badness 10000) in paragraph at lines 10188--10190
[]\OT1/cmtt/m/n/10 public synchronized void \OT1/cmr/bx/n/10 re-moveIn-put-Meth
od-Lis-tener\OT1/cmtt/m/n/10 (event.InputMethodListener
 []


Underfull \hbox (badness 10000) in paragraph at lines 10200--10202
[]\OT1/cmtt/m/n/10 public synchronized void \OT1/cmr/bx/n/10 re-move-Mouse-Mo-t
ion-Lis-tener\OT1/cmtt/m/n/10 (event.MouseMotionListener
 []


Underfull \hbox (badness 10000) in paragraph at lines 10204--10206
[]\OT1/cmtt/m/n/10 public synchronized void \OT1/cmr/bx/n/10 re-move-Mouse-Whee
l-Lis-tener\OT1/cmtt/m/n/10 (event.MouseWheelListener
 []


Underfull \hbox (badness 10000) in paragraph at lines 10212--10214
[]\OT1/cmtt/m/n/10 public void \OT1/cmr/bx/n/10 re-move-Prop-er-ty-Change-Lis-t
ener\OT1/cmtt/m/n/10 (java.beans.PropertyChangeListener
 []


Underfull \hbox (badness 10000) in paragraph at lines 10217--10219
[]\OT1/cmtt/m/n/10 public void \OT1/cmr/bx/n/10 re-move-Prop-er-ty-Change-Lis-t
ener\OT1/cmtt/m/n/10 (java.lang.String \OT1/cmr/bx/n/10 arg0\OT1/cmtt/m/n/10 ,
 []

[79]
Underfull \hbox (badness 10000) in paragraph at lines 10278--10280
[]\OT1/cmtt/m/n/10 final boolean \OT1/cmr/bx/n/10 re-quest-Fo-cusHelper\OT1/cmt
t/m/n/10 (boolean \OT1/cmr/bx/n/10 arg0\OT1/cmtt/m/n/10 , boolean \OT1/cmr/bx/n
/10 arg1\OT1/cmtt/m/n/10 ,
 []


Underfull \hbox (badness 10000) in paragraph at lines 10291--10293
[] \OT1/cmtt/m/n/10 boolean \OT1/cmr/bx/n/10 re-quest-Fo-cus-In-Win-dow\OT1/cmt
t/m/n/10 (boolean \OT1/cmr/bx/n/10 arg0\OT1/cmtt/m/n/10 , sun.awt.CausedFocusEv
ent.Cause
 []


Underfull \hbox (badness 10000) in paragraph at lines 10310--10312
[]\OT1/cmtt/m/n/10 private void \OT1/cmr/bx/n/10 re-shape-Na-tivePeer\OT1/cmtt/
m/n/10 (int \OT1/cmr/bx/n/10 arg0\OT1/cmtt/m/n/10 , int \OT1/cmr/bx/n/10 arg1\O
T1/cmtt/m/n/10 , int \OT1/cmr/bx/n/10 arg2\OT1/cmtt/m/n/10 , int \OT1/cmr/bx/n/
10 arg3\OT1/cmtt/m/n/10 , int
 []


Overfull \hbox (3.1789pt too wide) in paragraph at lines 10435--10437
[]\OT1/cmtt/m/n/10 static synchronized void \OT1/cmr/bx/n/10 se-tRe-quest-Fo-cu
s-Con-troller\OT1/cmtt/m/n/10 (sun.awt.RequestFocusController
 []

[80]
Underfull \hbox (badness 10000) in paragraph at lines 10543--10545
[]\OT1/cmtt/m/n/10 private void \OT1/cmr/bx/n/10 writeOb-ject\OT1/cmtt/m/n/10 (
java.io.ObjectOutputStream \OT1/cmr/bx/n/10 arg0\OT1/cmtt/m/n/10 ) throws
 []

[81]
Underfull \hbox (badness 10000) in paragraph at lines 10629--10630

 []


Underfull \hbox (badness 10000) in paragraph at lines 10656--10657

 []

[82]
Underfull \hbox (badness 10000) in paragraph at lines 10699--10700

 []


Underfull \hbox (badness 10000) in paragraph at lines 10710--10711

 []

No file docs.ind.
Package atveryend Info: Empty hook `BeforeClearDocument' on input line 10740.
[83]
Package atveryend Info: Empty hook `AfterLastShipout' on input line 10740.
 (./docs.aux)
Package atveryend Info: Executing hook `AtVeryEndDocument' on input line 10740.

Package atveryend Info: Executing hook `AtEndAfterFileList' on input line 10740
.
Package rerunfilecheck Info: File `docs.out' has not changed.
(rerunfilecheck)             Checksum: 62B61C87D17C0916924473882F99142D;11139.


LaTeX Warning: Label(s) may have changed. Rerun to get cross-references right.

Package atveryend Info: Empty hook `AtVeryVeryEnd' on input line 10740.
 )
(\end occurred inside a group at level 31)

### simple group (level 31) entered at line 10677 ({)
### simple group (level 30) entered at line 10554 ({)
### simple group (level 29) entered at line 8058 ({)
### simple group (level 28) entered at line 7028 ({)
### simple group (level 27) entered at line 6920 ({)
### simple group (level 26) entered at line 6917 ({)
### simple group (level 25) entered at line 6466 ({)
### simple group (level 24) entered at line 6384 ({)
### simple group (level 23) entered at line 6381 ({)
### simple group (level 22) entered at line 6212 ({)
### simple group (level 21) entered at line 3716 ({)
### simple group (level 20) entered at line 2686 ({)
### simple group (level 19) entered at line 2071 ({)
### simple group (level 18) entered at line 2023 ({)
### simple group (level 17) entered at line 1814 ({)
### simple group (level 16) entered at line 1811 ({)
### simple group (level 15) entered at line 1575 ({)
### simple group (level 14) entered at line 1558 ({)
### simple group (level 13) entered at line 1479 ({)
### simple group (level 12) entered at line 1433 ({)
### simple group (level 11) entered at line 1366 ({)
### simple group (level 10) entered at line 1327 ({)
### simple group (level 9) entered at line 1315 ({)
### simple group (level 8) entered at line 828 ({)
### simple group (level 7) entered at line 639 ({)
### simple group (level 6) entered at line 389 ({)
### simple group (level 5) entered at line 378 ({)
### simple group (level 4) entered at line 297 ({)
### simple group (level 3) entered at line 118 ({)
### simple group (level 2) entered at line 108 ({)
### simple group (level 1) entered at line 45 ({)
### bottom level 
Here is how much of TeX's memory you used:
 7431 strings out of 493109
 111186 string characters out of 6135004
 210468 words of memory out of 5000000
 10311 multiletter control sequences out of 15000+600000
 10452 words of font info for 37 fonts, out of 8000000 for 9000
 1141 hyphenation exceptions out of 8191
 29i,6n,40p,304b,2280s stack positions out of 5000i,500n,10000p,200000b,80000s
</usr/local/texlive/2014/texmf-dist/fonts/type1/public/amsfonts
/cm/cmbx10.pfb></usr/local/texlive/2014/texmf-dist/fonts/type1/public/amsfonts/
cm/cmbx12.pfb></usr/local/texlive/2014/texmf-dist/fonts/type1/public/amsfonts/c
m/cmr10.pfb></usr/local/texlive/2014/texmf-dist/fonts/type1/public/amsfonts/cm/
cmsl10.pfb></usr/local/texlive/2014/texmf-dist/fonts/type1/public/amsfonts/cm/c
msy10.pfb></usr/local/texlive/2014/texmf-dist/fonts/type1/public/amsfonts/cm/cm
ti10.pfb></usr/local/texlive/2014/texmf-dist/fonts/type1/public/amsfonts/cm/cmt
t10.pfb>
Output written on docs.pdf (83 pages, 274094 bytes).
PDF statistics:
 1659 PDF objects out of 1728 (max. 8388607)
 1551 compressed objects within 16 object streams
 528 named destinations out of 1000 (max. 500000)
 1321 words of extra memory for PDF output out of 10000 (max. 10000000)

