\BOOKMARK [0][-]{chapter.1}{Package }{}% 1
\BOOKMARK [1][-]{section.1.1}{Class Awesome}{chapter.1}% 2
\BOOKMARK [2][-]{subsection.1.1.1}{Declaration}{section.1.1}% 3
\BOOKMARK [2][-]{subsection.1.1.2}{Constructor summary}{section.1.1}% 4
\BOOKMARK [2][-]{subsection.1.1.3}{Method summary}{section.1.1}% 5
\BOOKMARK [2][-]{subsection.1.1.4}{Constructors}{section.1.1}% 6
\BOOKMARK [2][-]{subsection.1.1.5}{Methods}{section.1.1}% 7
\BOOKMARK [0][-]{chapter.2}{Package control}{}% 8
\BOOKMARK [1][-]{section.2.1}{Class Spiel}{chapter.2}% 9
\BOOKMARK [2][-]{subsection.2.1.1}{Declaration}{section.2.1}% 10
\BOOKMARK [2][-]{subsection.2.1.2}{Field summary}{section.2.1}% 11
\BOOKMARK [2][-]{subsection.2.1.3}{Constructor summary}{section.2.1}% 12
\BOOKMARK [2][-]{subsection.2.1.4}{Method summary}{section.2.1}% 13
\BOOKMARK [2][-]{subsection.2.1.5}{Fields}{section.2.1}% 14
\BOOKMARK [2][-]{subsection.2.1.6}{Constructors}{section.2.1}% 15
\BOOKMARK [2][-]{subsection.2.1.7}{Methods}{section.2.1}% 16
\BOOKMARK [1][-]{section.2.2}{Class Spiel.ButtonListener}{chapter.2}% 17
\BOOKMARK [2][-]{subsection.2.2.1}{Declaration}{section.2.2}% 18
\BOOKMARK [2][-]{subsection.2.2.2}{Constructor summary}{section.2.2}% 19
\BOOKMARK [2][-]{subsection.2.2.3}{Method summary}{section.2.2}% 20
\BOOKMARK [2][-]{subsection.2.2.4}{Constructors}{section.2.2}% 21
\BOOKMARK [2][-]{subsection.2.2.5}{Methods}{section.2.2}% 22
\BOOKMARK [1][-]{section.2.3}{Class Spiel.RestartListener}{chapter.2}% 23
\BOOKMARK [2][-]{subsection.2.3.1}{Declaration}{section.2.3}% 24
\BOOKMARK [2][-]{subsection.2.3.2}{Constructor summary}{section.2.3}% 25
\BOOKMARK [2][-]{subsection.2.3.3}{Method summary}{section.2.3}% 26
\BOOKMARK [2][-]{subsection.2.3.4}{Constructors}{section.2.3}% 27
\BOOKMARK [2][-]{subsection.2.3.5}{Methods}{section.2.3}% 28
\BOOKMARK [0][-]{chapter.3}{Package data}{}% 29
\BOOKMARK [1][-]{section.3.1}{Class Feld}{chapter.3}% 30
\BOOKMARK [2][-]{subsection.3.1.1}{Declaration}{section.3.1}% 31
\BOOKMARK [2][-]{subsection.3.1.2}{Field summary}{section.3.1}% 32
\BOOKMARK [2][-]{subsection.3.1.3}{Constructor summary}{section.3.1}% 33
\BOOKMARK [2][-]{subsection.3.1.4}{Method summary}{section.3.1}% 34
\BOOKMARK [2][-]{subsection.3.1.5}{Fields}{section.3.1}% 35
\BOOKMARK [2][-]{subsection.3.1.6}{Constructors}{section.3.1}% 36
\BOOKMARK [2][-]{subsection.3.1.7}{Methods}{section.3.1}% 37
\BOOKMARK [1][-]{section.3.2}{Class Kasten}{chapter.3}% 38
\BOOKMARK [2][-]{subsection.3.2.1}{Declaration}{section.3.2}% 39
\BOOKMARK [2][-]{subsection.3.2.2}{Field summary}{section.3.2}% 40
\BOOKMARK [2][-]{subsection.3.2.3}{Constructor summary}{section.3.2}% 41
\BOOKMARK [2][-]{subsection.3.2.4}{Method summary}{section.3.2}% 42
\BOOKMARK [2][-]{subsection.3.2.5}{Fields}{section.3.2}% 43
\BOOKMARK [2][-]{subsection.3.2.6}{Constructors}{section.3.2}% 44
\BOOKMARK [2][-]{subsection.3.2.7}{Methods}{section.3.2}% 45
\BOOKMARK [1][-]{section.3.3}{Class Pin}{chapter.3}% 46
\BOOKMARK [2][-]{subsection.3.3.1}{Declaration}{section.3.3}% 47
\BOOKMARK [2][-]{subsection.3.3.2}{Field summary}{section.3.3}% 48
\BOOKMARK [2][-]{subsection.3.3.3}{Constructor summary}{section.3.3}% 49
\BOOKMARK [2][-]{subsection.3.3.4}{Method summary}{section.3.3}% 50
\BOOKMARK [2][-]{subsection.3.3.5}{Fields}{section.3.3}% 51
\BOOKMARK [2][-]{subsection.3.3.6}{Constructors}{section.3.3}% 52
\BOOKMARK [2][-]{subsection.3.3.7}{Methods}{section.3.3}% 53
\BOOKMARK [1][-]{section.3.4}{Class Spieler}{chapter.3}% 54
\BOOKMARK [2][-]{subsection.3.4.1}{Declaration}{section.3.4}% 55
\BOOKMARK [2][-]{subsection.3.4.2}{Field summary}{section.3.4}% 56
\BOOKMARK [2][-]{subsection.3.4.3}{Constructor summary}{section.3.4}% 57
\BOOKMARK [2][-]{subsection.3.4.4}{Method summary}{section.3.4}% 58
\BOOKMARK [2][-]{subsection.3.4.5}{Fields}{section.3.4}% 59
\BOOKMARK [2][-]{subsection.3.4.6}{Constructors}{section.3.4}% 60
\BOOKMARK [2][-]{subsection.3.4.7}{Methods}{section.3.4}% 61
\BOOKMARK [0][-]{chapter.4}{Package test}{}% 62
\BOOKMARK [1][-]{section.4.1}{Class KastGew}{chapter.4}% 63
\BOOKMARK [2][-]{subsection.4.1.1}{Declaration}{section.4.1}% 64
\BOOKMARK [2][-]{subsection.4.1.2}{Constructor summary}{section.4.1}% 65
\BOOKMARK [2][-]{subsection.4.1.3}{Method summary}{section.4.1}% 66
\BOOKMARK [2][-]{subsection.4.1.4}{Constructors}{section.4.1}% 67
\BOOKMARK [2][-]{subsection.4.1.5}{Methods}{section.4.1}% 68
\BOOKMARK [1][-]{section.4.2}{Class namen}{chapter.4}% 69
\BOOKMARK [2][-]{subsection.4.2.1}{Declaration}{section.4.2}% 70
\BOOKMARK [2][-]{subsection.4.2.2}{Field summary}{section.4.2}% 71
\BOOKMARK [2][-]{subsection.4.2.3}{Constructor summary}{section.4.2}% 72
\BOOKMARK [2][-]{subsection.4.2.4}{Method summary}{section.4.2}% 73
\BOOKMARK [2][-]{subsection.4.2.5}{Fields}{section.4.2}% 74
\BOOKMARK [2][-]{subsection.4.2.6}{Constructors}{section.4.2}% 75
\BOOKMARK [2][-]{subsection.4.2.7}{Methods}{section.4.2}% 76
\BOOKMARK [1][-]{section.4.3}{Class normWuerfeln}{chapter.4}% 77
\BOOKMARK [2][-]{subsection.4.3.1}{Declaration}{section.4.3}% 78
\BOOKMARK [2][-]{subsection.4.3.2}{Constructor summary}{section.4.3}% 79
\BOOKMARK [2][-]{subsection.4.3.3}{Method summary}{section.4.3}% 80
\BOOKMARK [2][-]{subsection.4.3.4}{Constructors}{section.4.3}% 81
\BOOKMARK [2][-]{subsection.4.3.5}{Methods}{section.4.3}% 82
\BOOKMARK [1][-]{section.4.4}{Class wuerfel12}{chapter.4}% 83
\BOOKMARK [2][-]{subsection.4.4.1}{Declaration}{section.4.4}% 84
\BOOKMARK [2][-]{subsection.4.4.2}{Constructor summary}{section.4.4}% 85
\BOOKMARK [2][-]{subsection.4.4.3}{Method summary}{section.4.4}% 86
\BOOKMARK [2][-]{subsection.4.4.4}{Constructors}{section.4.4}% 87
\BOOKMARK [2][-]{subsection.4.4.5}{Methods}{section.4.4}% 88
\BOOKMARK [1][-]{section.4.5}{Class wuerfel2}{chapter.4}% 89
\BOOKMARK [2][-]{subsection.4.5.1}{Declaration}{section.4.5}% 90
\BOOKMARK [2][-]{subsection.4.5.2}{Constructor summary}{section.4.5}% 91
\BOOKMARK [2][-]{subsection.4.5.3}{Method summary}{section.4.5}% 92
\BOOKMARK [2][-]{subsection.4.5.4}{Constructors}{section.4.5}% 93
\BOOKMARK [2][-]{subsection.4.5.5}{Methods}{section.4.5}% 94
\BOOKMARK [0][-]{chapter.5}{Package view}{}% 95
\BOOKMARK [1][-]{section.5.1}{Interface ContractView}{chapter.5}% 96
\BOOKMARK [2][-]{subsection.5.1.1}{Declaration}{section.5.1}% 97
\BOOKMARK [2][-]{subsection.5.1.2}{All known subinterfaces}{section.5.1}% 98
\BOOKMARK [2][-]{subsection.5.1.3}{All classes known to implement interface}{section.5.1}% 99
\BOOKMARK [2][-]{subsection.5.1.4}{Method summary}{section.5.1}% 100
\BOOKMARK [2][-]{subsection.5.1.5}{Methods}{section.5.1}% 101
\BOOKMARK [1][-]{section.5.2}{Class CustomButton}{chapter.5}% 102
\BOOKMARK [2][-]{subsection.5.2.1}{Declaration}{section.5.2}% 103
\BOOKMARK [2][-]{subsection.5.2.2}{Field summary}{section.5.2}% 104
\BOOKMARK [2][-]{subsection.5.2.3}{Constructor summary}{section.5.2}% 105
\BOOKMARK [2][-]{subsection.5.2.4}{Method summary}{section.5.2}% 106
\BOOKMARK [2][-]{subsection.5.2.5}{Fields}{section.5.2}% 107
\BOOKMARK [2][-]{subsection.5.2.6}{Constructors}{section.5.2}% 108
\BOOKMARK [2][-]{subsection.5.2.7}{Methods}{section.5.2}% 109
\BOOKMARK [2][-]{subsection.5.2.8}{Members inherited from class JButton }{section.5.2}% 110
\BOOKMARK [2][-]{subsection.5.2.9}{Members inherited from class AbstractButton }{section.5.2}% 111
\BOOKMARK [2][-]{subsection.5.2.10}{Members inherited from class JComponent }{section.5.2}% 112
\BOOKMARK [2][-]{subsection.5.2.11}{Members inherited from class Container }{section.5.2}% 113
\BOOKMARK [2][-]{subsection.5.2.12}{Members inherited from class Component }{section.5.2}% 114
\BOOKMARK [1][-]{section.5.3}{Class NameDialog}{chapter.5}% 115
\BOOKMARK [2][-]{subsection.5.3.1}{Declaration}{section.5.3}% 116
\BOOKMARK [2][-]{subsection.5.3.2}{Field summary}{section.5.3}% 117
\BOOKMARK [2][-]{subsection.5.3.3}{Constructor summary}{section.5.3}% 118
\BOOKMARK [2][-]{subsection.5.3.4}{Method summary}{section.5.3}% 119
\BOOKMARK [2][-]{subsection.5.3.5}{Fields}{section.5.3}% 120
\BOOKMARK [2][-]{subsection.5.3.6}{Constructors}{section.5.3}% 121
\BOOKMARK [2][-]{subsection.5.3.7}{Methods}{section.5.3}% 122
\BOOKMARK [1][-]{section.5.4}{Class NameDialog.EnterKeyListener}{chapter.5}% 123
\BOOKMARK [2][-]{subsection.5.4.1}{Declaration}{section.5.4}% 124
\BOOKMARK [2][-]{subsection.5.4.2}{Field summary}{section.5.4}% 125
\BOOKMARK [2][-]{subsection.5.4.3}{Constructor summary}{section.5.4}% 126
\BOOKMARK [2][-]{subsection.5.4.4}{Method summary}{section.5.4}% 127
\BOOKMARK [2][-]{subsection.5.4.5}{Fields}{section.5.4}% 128
\BOOKMARK [2][-]{subsection.5.4.6}{Constructors}{section.5.4}% 129
\BOOKMARK [2][-]{subsection.5.4.7}{Methods}{section.5.4}% 130
\BOOKMARK [2][-]{subsection.5.4.8}{Members inherited from class KeyAdapter }{section.5.4}% 131
\BOOKMARK [1][-]{section.5.5}{Class View}{chapter.5}% 132
\BOOKMARK [2][-]{subsection.5.5.1}{Declaration}{section.5.5}% 133
\BOOKMARK [2][-]{subsection.5.5.2}{Field summary}{section.5.5}% 134
\BOOKMARK [2][-]{subsection.5.5.3}{Constructor summary}{section.5.5}% 135
\BOOKMARK [2][-]{subsection.5.5.4}{Method summary}{section.5.5}% 136
\BOOKMARK [2][-]{subsection.5.5.5}{Fields}{section.5.5}% 137
\BOOKMARK [2][-]{subsection.5.5.6}{Constructors}{section.5.5}% 138
\BOOKMARK [2][-]{subsection.5.5.7}{Methods}{section.5.5}% 139
\BOOKMARK [1][-]{section.5.6}{Class View.PaintingComponent}{chapter.5}% 140
\BOOKMARK [2][-]{subsection.5.6.1}{Declaration}{section.5.6}% 141
\BOOKMARK [2][-]{subsection.5.6.2}{Field summary}{section.5.6}% 142
\BOOKMARK [2][-]{subsection.5.6.3}{Constructor summary}{section.5.6}% 143
\BOOKMARK [2][-]{subsection.5.6.4}{Method summary}{section.5.6}% 144
\BOOKMARK [2][-]{subsection.5.6.5}{Fields}{section.5.6}% 145
\BOOKMARK [2][-]{subsection.5.6.6}{Constructors}{section.5.6}% 146
\BOOKMARK [2][-]{subsection.5.6.7}{Methods}{section.5.6}% 147
\BOOKMARK [2][-]{subsection.5.6.8}{Members inherited from class JComponent }{section.5.6}% 148
\BOOKMARK [2][-]{subsection.5.6.9}{Members inherited from class Container }{section.5.6}% 149
\BOOKMARK [2][-]{subsection.5.6.10}{Members inherited from class Component }{section.5.6}% 150
\BOOKMARK [1][-]{section.5.7}{Class WinDialog}{chapter.5}% 151
\BOOKMARK [2][-]{subsection.5.7.1}{Declaration}{section.5.7}% 152
\BOOKMARK [2][-]{subsection.5.7.2}{Field summary}{section.5.7}% 153
\BOOKMARK [2][-]{subsection.5.7.3}{Constructor summary}{section.5.7}% 154
\BOOKMARK [2][-]{subsection.5.7.4}{Method summary}{section.5.7}% 155
\BOOKMARK [2][-]{subsection.5.7.5}{Fields}{section.5.7}% 156
\BOOKMARK [2][-]{subsection.5.7.6}{Constructors}{section.5.7}% 157
\BOOKMARK [2][-]{subsection.5.7.7}{Methods}{section.5.7}% 158
\BOOKMARK [1][-]{section.5.8}{Class WinDialog.EnterKeyListener}{chapter.5}% 159
\BOOKMARK [2][-]{subsection.5.8.1}{Declaration}{section.5.8}% 160
\BOOKMARK [2][-]{subsection.5.8.2}{Constructor summary}{section.5.8}% 161
\BOOKMARK [2][-]{subsection.5.8.3}{Method summary}{section.5.8}% 162
\BOOKMARK [2][-]{subsection.5.8.4}{Constructors}{section.5.8}% 163
\BOOKMARK [2][-]{subsection.5.8.5}{Methods}{section.5.8}% 164
\BOOKMARK [2][-]{subsection.5.8.6}{Members inherited from class KeyAdapter }{section.5.8}% 165
